<?xml version="1.0" encoding="UTF-8"?>
<!-- Generated by org.testng.reporters.JUnitReportReporter -->
<testsuite hostname="DESKTOP-0O0UUD4" failures="0" tests="4" name="api.test.UserTests2" time="11.617" errors="0" timestamp="2024-12-09T13:23:15 SAST" skipped="0">
  <testcase classname="api.test.UserTests2" name="testPostUser" time="4.155"/>
  <testcase classname="api.test.UserTests2" name="testReadUser" time="1.860"/>
  <testcase classname="api.test.UserTests2" name="testUpdateUser" time="3.764"/>
  <testcase classname="api.test.UserTests2" name="testDeleteUser" time="1.838"/>
</testsuite> <!-- api.test.UserTests2 -->
