<?xml version="1.0" encoding="UTF-8"?>
<!-- Generated by org.testng.reporters.JUnitReportReporter -->
<testsuite hostname="DESKTOP-0O0UUD4" failures="0" tests="4" name="api.test.UserTests" time="11.517" errors="0" timestamp="2024-12-09T13:36:46 SAST" skipped="0">
  <testcase classname="api.test.UserTests" name="testPostUser" time="4.043"/>
  <testcase classname="api.test.UserTests" name="testReadUser" time="1.878"/>
  <testcase classname="api.test.UserTests" name="testUpdateUser" time="3.725"/>
  <testcase classname="api.test.UserTests" name="testDeleteUser" time="1.871"/>
</testsuite> <!-- api.test.UserTests -->
